<?xml version="1.0" encoding="UTF-8"?>
<!-- Generated by org.testng.reporters.JUnitReportReporter -->
<testsuite hostname="DESKTOP-OQDRDFC" failures="0" tests="2" name="TempTestNg2.ToVerifyInstaLogInPageWithInvalidCreditioal" time="14.641" errors="0" timestamp="2022-10-15T23:29:46 IST" skipped="0">
  <testcase classname="TempTestNg2.ToVerifyInstaLogInPageWithInvalidCreditioal" name="verifyInstaLogIn" time="7.872"/>
  <system-out/>
  <testcase classname="TempTestNg2.ToVerifyInstaLogInPageWithInvalidCreditioal" name="verifyInstaLogIn" time="6.769"/>
  <system-out/>
</testsuite> <!-- TempTestNg2.ToVerifyInstaLogInPageWithInvalidCreditioal -->
