<?xml version="1.0" encoding="UTF-8"?>
<!-- Generated by org.testng.reporters.JUnitReportReporter -->
<testsuite hostname="Archana" failures="0" tests="3" name="TempTestNg2.ToVerifyProductPage" time="246.364" errors="0" timestamp="2022-09-28T23:26:25 IST" skipped="0">
  <testcase classname="TempTestNg2.ToVerifyProductPage" name="verifyaddToCart" time="117.252"/>
  <system-out/>
  <testcase classname="TempTestNg2.ToVerifyProductPage" name="verifyBuyNowButton" time="66.853"/>
  <system-out/>
  <testcase classname="TempTestNg2.ToVerifyProductPage" name="verifyAddtoWishListButton" time="62.259"/>
  <system-out/>
</testsuite> <!-- TempTestNg2.ToVerifyProductPage -->
