<?xml version="1.0" encoding="UTF-8"?>
<!-- Generated by org.testng.reporters.JUnitReportReporter -->
<testsuite hostname="Archana" failures="0" tests="3" name="TempTestNg2.ToVerifyProductPage" time="232.976" errors="0" timestamp="2022-09-29T12:55:41 IST" skipped="0">
  <testcase classname="TempTestNg2.ToVerifyProductPage" name="verifyaddToCart" time="53.316"/>
  <system-out/>
  <testcase classname="TempTestNg2.ToVerifyProductPage" name="verifyBuyNowButton" time="55.307"/>
  <system-out/>
  <testcase classname="TempTestNg2.ToVerifyProductPage" name="verifyAddtoWishListButton" time="124.353"/>
  <system-out/>
</testsuite> <!-- TempTestNg2.ToVerifyProductPage -->
