<?xml version="1.0" encoding="UTF-8"?>
<!-- Generated by org.testng.reporters.JUnitReportReporter -->
<testsuite hostname="Archana" failures="0" tests="3" name="TempTestNg2.ToVerifyProductPage" time="232.031" errors="0" timestamp="2022-09-27T22:35:09 IST" skipped="0">
  <testcase classname="TempTestNg2.ToVerifyProductPage" name="verifyaddToCart" time="121.426"/>
  <system-out/>
  <testcase classname="TempTestNg2.ToVerifyProductPage" name="verifyBuyNowButton" time="57.458"/>
  <system-out/>
  <testcase classname="TempTestNg2.ToVerifyProductPage" name="verifyAddtoWishListButton" time="53.147"/>
  <system-out/>
</testsuite> <!-- TempTestNg2.ToVerifyProductPage -->
